# JRE version: OpenJDK Runtime Environment Temurin-21.0.8+9 (21.0.8+9) (build 21.0.8+9-LTS)
# Java VM: OpenJDK 64-Bit Server VM Temurin-21.0.8+9 (21.0.8+9-LTS, mixed mode, sharing, tiered, compressed oops, compressed class ptrs, parallel gc, windows-amd64)
GC Precious Log:
 CardTable entry size: 512
 CPUs: 4 total, 4 available
 Memory: 4005M
 Large Page Support: Disabled
 NUMA Support: Disabled
 Compressed Oops: Enabled (32-bit)
 Alignments: Space 512K, Generation 512K, Heap 2M
 Heap Min Capacity: 100M
 Heap Initial Capacity: 100M
 Heap Max Capacity: 2G
 Pre-touch: Disabled
 Parallel Workers: 4
Heap:
 PSYoungGen      total 2560K, used 1504K [0x00000000d5580000, 0x00000000d5980000, 0x0000000100000000)
  eden space 2048K, 68% used [0x00000000d5580000,0x00000000d56e0258,0x00000000d5780000)
  from space 512K, 18% used [0x00000000d5900000,0x00000000d5918000,0x00000000d5980000)
  to   space 512K, 0% used [0x00000000d5780000,0x00000000d5780000,0x00000000d5800000)
 ParOldGen       total 766464K, used 766414K [0x0000000080000000, 0x00000000aec80000, 0x00000000d5580000)
  object space 766464K, 99% used [0x0000000080000000,0x00000000aec73900,0x00000000aec80000)
 Metaspace       used 100754K, committed 102528K, reserved 1179648K
  class space    used 10001K, committed 10880K, reserved 1048576K
GC Heap History (20 events):
Event: 169105.464 GC heap before
{Heap before GC invocations=6812 (full 14):
 PSYoungGen      total 2560K, used 2304K [0x00000000d5580000, 0x00000000d5980000, 0x0000000100000000)
  eden space 2048K, 100% used [0x00000000d5580000,0x00000000d5780000,0x00000000d5780000)
  from space 512K, 50% used [0x00000000d5900000,0x00000000d5940020,0x00000000d5980000)
  to   space 512K, 0% used [0x00000000d5780000,0x00000000d5780000,0x00000000d5800000)
 ParOldGen       total 766464K, used 766126K [0x0000000080000000, 0x00000000aec80000, 0x00000000d5580000)
  object space 766464K, 99% used [0x0000000080000000,0x00000000aec2b8e0,0x00000000aec80000)
 Metaspace       used 100735K, committed 102528K, reserved 1179648K
  class space    used 10001K, committed 10880K, reserved 1048576K
}
Event: 169105.470 GC heap after
{Heap after GC invocations=6812 (full 14):
 PSYoungGen      total 2560K, used 160K [0x00000000d5580000, 0x00000000d5980000, 0x0000000100000000)
  eden space 2048K, 0% used [0x00000000d5580000,0x00000000d5580000,0x00000000d5780000)
  from space 512K, 31% used [0x00000000d5780000,0x00000000d57a8000,0x00000000d5800000)
  to   space 512K, 0% used [0x00000000d5900000,0x00000000d5900000,0x00000000d5980000)
 ParOldGen       total 766464K, used 766230K [0x0000000080000000, 0x00000000aec80000, 0x00000000d5580000)
  object space 766464K, 99% used [0x0000000080000000,0x00000000aec45900,0x00000000aec80000)
 Metaspace       used 100735K, committed 102528K, reserved 1179648K
  class space    used 10001K, committed 10880K, reserved 1048576K
}
Event: 169105.520 GC heap before
{Heap before GC invocations=6813 (full 14):
 PSYoungGen      total 2560K, used 2208K [0x00000000d5580000, 0x00000000d5980000, 0x0000000100000000)
  eden space 2048K, 100% used [0x00000000d5580000,0x00000000d5780000,0x00000000d5780000)
  from space 512K, 31% used [0x00000000d5780000,0x00000000d57a8000,0x00000000d5800000)
  to   space 512K, 0% used [0x00000000d5900000,0x00000000d5900000,0x00000000d5980000)
 ParOldGen       total 766464K, used 766230K [0x0000000080000000, 0x00000000aec80000, 0x00000000d5580000)
  object space 766464K, 99% used [0x0000000080000000,0x00000000aec45900,0x00000000aec80000)
 Metaspace       used 100735K, committed 102528K, reserved 1179648K
  class space    used 10001K, committed 10880K, reserved 1048576K
}
Event: 169105.525 GC heap after
{Heap after GC invocations=6813 (full 14):
 PSYoungGen      total 2560K, used 160K [0x00000000d5580000, 0x00000000d5980000, 0x0000000100000000)
  eden space 2048K, 0% used [0x00000000d5580000,0x00000000d5580000,0x00000000d5780000)
  from space 512K, 31% used [0x00000000d5900000,0x00000000d5928000,0x00000000d5980000)
  to   space 512K, 0% used [0x00000000d5780000,0x00000000d5780000,0x00000000d5800000)
 ParOldGen       total 766464K, used 766294K [0x0000000080000000, 0x00000000aec80000, 0x00000000d5580000)
  object space 766464K, 99% used [0x0000000080000000,0x00000000aec55900,0x00000000aec80000)
 Metaspace       used 100735K, committed 102528K, reserved 1179648K
  class space    used 10001K, committed 10880K, reserved 1048576K
}
Event: 347936.098 GC heap before
{Heap before GC invocations=6814 (full 14):
 PSYoungGen      total 2560K, used 2207K [0x00000000d5580000, 0x00000000d5980000, 0x0000000100000000)
  eden space 2048K, 99% used [0x00000000d5580000,0x00000000d577fff0,0x00000000d5780000)
  from space 512K, 31% used [0x00000000d5900000,0x00000000d5928000,0x00000000d5980000)
  to   space 512K, 0% used [0x00000000d5780000,0x00000000d5780000,0x00000000d5800000)
 ParOldGen       total 766464K, used 766294K [0x0000000080000000, 0x00000000aec80000, 0x00000000d5580000)
  object space 766464K, 99% used [0x0000000080000000,0x00000000aec55900,0x00000000aec80000)
 Metaspace       used 100735K, committed 102528K, reserved 1179648K
  class space    used 10001K, committed 10880K, reserved 1048576K
}
Event: 347936.751 GC heap after
{Heap after GC invocations=6814 (full 14):
 PSYoungGen      total 2560K, used 160K [0x00000000d5580000, 0x00000000d5980000, 0x0000000100000000)
  eden space 2048K, 0% used [0x00000000d5580000,0x00000000d5580000,0x00000000d5780000)
  from space 512K, 31% used [0x00000000d5780000,0x00000000d57a8020,0x00000000d5800000)
  to   space 512K, 0% used [0x00000000d5900000,0x00000000d5900000,0x00000000d5980000)
 ParOldGen       total 766464K, used 766318K [0x0000000080000000, 0x00000000aec80000, 0x00000000d5580000)
  object space 766464K, 99% used [0x0000000080000000,0x00000000aec5b900,0x00000000aec80000)
 Metaspace       used 100735K, committed 102528K, reserved 1179648K
  class space    used 10001K, committed 10880K, reserved 1048576K
}
Event: 476202.621 GC heap before
{Heap before GC invocations=6815 (full 14):
 PSYoungGen      total 2560K, used 2208K [0x00000000d5580000, 0x00000000d5980000, 0x0000000100000000)
  eden space 2048K, 99% used [0x00000000d5580000,0x00000000d577fff0,0x00000000d5780000)
  from space 512K, 31% used [0x00000000d5780000,0x00000000d57a8020,0x00000000d5800000)
  to   space 512K, 0% used [0x00000000d5900000,0x00000000d5900000,0x00000000d5980000)
 ParOldGen       total 766464K, used 766318K [0x0000000080000000, 0x00000000aec80000, 0x00000000d5580000)
  object space 766464K, 99% used [0x0000000080000000,0x00000000aec5b900,0x00000000aec80000)
 Metaspace       used 100738K, committed 102528K, reserved 1179648K
  class space    used 10001K, committed 10880K, reserved 1048576K
}
Event: 476203.861 GC heap after
{Heap after GC invocations=6815 (full 14):
 PSYoungGen      total 2560K, used 128K [0x00000000d5580000, 0x00000000d5980000, 0x0000000100000000)
  eden space 2048K, 0% used [0x00000000d5580000,0x00000000d5580000,0x00000000d5780000)
  from space 512K, 25% used [0x00000000d5900000,0x00000000d5920000,0x00000000d5980000)
  to   space 512K, 0% used [0x00000000d5780000,0x00000000d5780000,0x00000000d5800000)
 ParOldGen       total 766464K, used 766374K [0x0000000080000000, 0x00000000aec80000, 0x00000000d5580000)
  object space 766464K, 99% used [0x0000000080000000,0x00000000aec69900,0x00000000aec80000)
 Metaspace       used 100738K, committed 102528K, reserved 1179648K
  class space    used 10001K, committed 10880K, reserved 1048576K
}
Event: 613292.929 GC heap before
{Heap before GC invocations=6816 (full 14):
 PSYoungGen      total 2560K, used 2176K [0x00000000d5580000, 0x00000000d5980000, 0x0000000100000000)
  eden space 2048K, 100% used [0x00000000d5580000,0x00000000d5780000,0x00000000d5780000)
  from space 512K, 25% used [0x00000000d5900000,0x00000000d5920000,0x00000000d5980000)
  to   space 512K, 0% used [0x00000000d5780000,0x00000000d5780000,0x00000000d5800000)
 ParOldGen       total 766464K, used 766374K [0x0000000080000000, 0x00000000aec80000, 0x00000000d5580000)
  object space 766464K, 99% used [0x0000000080000000,0x00000000aec69900,0x00000000aec80000)
 Metaspace       used 100744K, committed 102528K, reserved 1179648K
  class space    used 10001K, committed 10880K, reserved 1048576K
}
Event: 613293.433 GC heap after
{Heap after GC invocations=6816 (full 14):
 PSYoungGen      total 2560K, used 64K [0x00000000d5580000, 0x00000000d5980000, 0x0000000100000000)
  eden space 2048K, 0% used [0x00000000d5580000,0x00000000d5580000,0x00000000d5780000)
  from space 512K, 12% used [0x00000000d5780000,0x00000000d5790000,0x00000000d5800000)
  to   space 512K, 0% used [0x00000000d5900000,0x00000000d5900000,0x00000000d5980000)
 ParOldGen       total 766464K, used 766398K [0x0000000080000000, 0x00000000aec80000, 0x00000000d5580000)
  object space 766464K, 99% used [0x0000000080000000,0x00000000aec6f900,0x00000000aec80000)
 Metaspace       used 100744K, committed 102528K, reserved 1179648K
  class space    used 10001K, committed 10880K, reserved 1048576K
}
Event: 761533.961 GC heap before
{Heap before GC invocations=6817 (full 14):
 PSYoungGen      total 2560K, used 2112K [0x00000000d5580000, 0x00000000d5980000, 0x0000000100000000)
  eden space 2048K, 100% used [0x00000000d5580000,0x00000000d5780000,0x00000000d5780000)
  from space 512K, 12% used [0x00000000d5780000,0x00000000d5790000,0x00000000d5800000)
  to   space 512K, 0% used [0x00000000d5900000,0x00000000d5900000,0x00000000d5980000)
 ParOldGen       total 766464K, used 766398K [0x0000000080000000, 0x00000000aec80000, 0x00000000d5580000)
  object space 766464K, 99% used [0x0000000080000000,0x00000000aec6f900,0x00000000aec80000)
 Metaspace       used 100750K, committed 102528K, reserved 1179648K
  class space    used 10001K, committed 10880K, reserved 1048576K
}
Event: 761534.451 GC heap after
{Heap after GC invocations=6817 (full 14):
 PSYoungGen      total 2560K, used 96K [0x00000000d5580000, 0x00000000d5980000, 0x0000000100000000)
  eden space 2048K, 0% used [0x00000000d5580000,0x00000000d5580000,0x00000000d5780000)
  from space 512K, 18% used [0x00000000d5900000,0x00000000d5918000,0x00000000d5980000)
  to   space 512K, 0% used [0x00000000d5780000,0x00000000d5780000,0x00000000d5800000)
 ParOldGen       total 766464K, used 766398K [0x0000000080000000, 0x00000000aec80000, 0x00000000d5580000)
  object space 766464K, 99% used [0x0000000080000000,0x00000000aec6f900,0x00000000aec80000)
 Metaspace       used 100750K, committed 102528K, reserved 1179648K
  class space    used 10001K, committed 10880K, reserved 1048576K
}
Event: 924299.442 GC heap before
{Heap before GC invocations=6818 (full 14):
 PSYoungGen      total 2560K, used 2143K [0x00000000d5580000, 0x00000000d5980000, 0x0000000100000000)
  eden space 2048K, 99% used [0x00000000d5580000,0x00000000d577fff0,0x00000000d5780000)
  from space 512K, 18% used [0x00000000d5900000,0x00000000d5918000,0x00000000d5980000)
  to   space 512K, 0% used [0x00000000d5780000,0x00000000d5780000,0x00000000d5800000)
 ParOldGen       total 766464K, used 766398K [0x0000000080000000, 0x00000000aec80000, 0x00000000d5580000)
  object space 766464K, 99% used [0x0000000080000000,0x00000000aec6f900,0x00000000aec80000)
 Metaspace       used 100750K, committed 102528K, reserved 1179648K
  class space    used 10001K, committed 10880K, reserved 1048576K
}
Event: 924299.975 GC heap after
{Heap after GC invocations=6818 (full 14):
 PSYoungGen      total 2560K, used 64K [0x00000000d5580000, 0x00000000d5980000, 0x0000000100000000)
  eden space 2048K, 0% used [0x00000000d5580000,0x00000000d5580000,0x00000000d5780000)
  from space 512K, 12% used [0x00000000d5780000,0x00000000d5790000,0x00000000d5800000)
  to   space 512K, 0% used [0x00000000d5900000,0x00000000d5900000,0x00000000d5980000)
 ParOldGen       total 766464K, used 766414K [0x0000000080000000, 0x00000000aec80000, 0x00000000d5580000)
  object space 766464K, 99% used [0x0000000080000000,0x00000000aec73900,0x00000000aec80000)
 Metaspace       used 100750K, committed 102528K, reserved 1179648K
  class space    used 10001K, committed 10880K, reserved 1048576K
}
Event: 1128889.259 GC heap before
{Heap before GC invocations=6819 (full 14):
 PSYoungGen      total 2560K, used 2111K [0x00000000d5580000, 0x00000000d5980000, 0x0000000100000000)
  eden space 2048K, 99% used [0x00000000d5580000,0x00000000d577fff0,0x00000000d5780000)
  from space 512K, 12% used [0x00000000d5780000,0x00000000d5790000,0x00000000d5800000)
  to   space 512K, 0% used [0x00000000d5900000,0x00000000d5900000,0x00000000d5980000)
 ParOldGen       total 766464K, used 766414K [0x0000000080000000, 0x00000000aec80000, 0x00000000d5580000)
  object space 766464K, 99% used [0x0000000080000000,0x00000000aec73900,0x00000000aec80000)
 Metaspace       used 100750K, committed 102528K, reserved 1179648K
  class space    used 10001K, committed 10880K, reserved 1048576K
}
Event: 1128889.753 GC heap after
{Heap after GC invocations=6819 (full 14):
 PSYoungGen      total 2560K, used 64K [0x00000000d5580000, 0x00000000d5980000, 0x0000000100000000)
  eden space 2048K, 0% used [0x00000000d5580000,0x00000000d5580000,0x00000000d5780000)
  from space 512K, 12% used [0x00000000d5900000,0x00000000d5910000,0x00000000d5980000)
  to   space 512K, 0% used [0x00000000d5780000,0x00000000d5780000,0x00000000d5800000)
 ParOldGen       total 766464K, used 766414K [0x0000000080000000, 0x00000000aec80000, 0x00000000d5580000)
  object space 766464K, 99% used [0x0000000080000000,0x00000000aec73900,0x00000000aec80000)
 Metaspace       used 100750K, committed 102528K, reserved 1179648K
  class space    used 10001K, committed 10880K, reserved 1048576K
}
Event: 1275716.180 GC heap before
{Heap before GC invocations=6820 (full 14):
 PSYoungGen      total 2560K, used 2112K [0x00000000d5580000, 0x00000000d5980000, 0x0000000100000000)
  eden space 2048K, 100% used [0x00000000d5580000,0x00000000d5780000,0x00000000d5780000)
  from space 512K, 12% used [0x00000000d5900000,0x00000000d5910000,0x00000000d5980000)
  to   space 512K, 0% used [0x00000000d5780000,0x00000000d5780000,0x00000000d5800000)
 ParOldGen       total 766464K, used 766414K [0x0000000080000000, 0x00000000aec80000, 0x00000000d5580000)
  object space 766464K, 99% used [0x0000000080000000,0x00000000aec73900,0x00000000aec80000)
 Metaspace       used 100750K, committed 102528K, reserved 1179648K
  class space    used 10001K, committed 10880K, reserved 1048576K
}
Event: 1275716.867 GC heap after
{Heap after GC invocations=6820 (full 14):
 PSYoungGen      total 2560K, used 96K [0x00000000d5580000, 0x00000000d5980000, 0x0000000100000000)
  eden space 2048K, 0% used [0x00000000d5580000,0x00000000d5580000,0x00000000d5780000)
  from space 512K, 18% used [0x00000000d5780000,0x00000000d5798000,0x00000000d5800000)
  to   space 512K, 0% used [0x00000000d5900000,0x00000000d5900000,0x00000000d5980000)
 ParOldGen       total 766464K, used 766414K [0x0000000080000000, 0x00000000aec80000, 0x00000000d5580000)
  object space 766464K, 99% used [0x0000000080000000,0x00000000aec73900,0x00000000aec80000)
 Metaspace       used 100750K, committed 102528K, reserved 1179648K
  class space    used 10001K, committed 10880K, reserved 1048576K
}
Event: 1425121.787 GC heap before
{Heap before GC invocations=6821 (full 14):
 PSYoungGen      total 2560K, used 2143K [0x00000000d5580000, 0x00000000d5980000, 0x0000000100000000)
  eden space 2048K, 99% used [0x00000000d5580000,0x00000000d577fff8,0x00000000d5780000)
  from space 512K, 18% used [0x00000000d5780000,0x00000000d5798000,0x00000000d5800000)
  to   space 512K, 0% used [0x00000000d5900000,0x00000000d5900000,0x00000000d5980000)
 ParOldGen       total 766464K, used 766414K [0x0000000080000000, 0x00000000aec80000, 0x00000000d5580000)
  object space 766464K, 99% used [0x0000000080000000,0x00000000aec73900,0x00000000aec80000)
 Metaspace       used 100754K, committed 102528K, reserved 1179648K
  class space    used 10001K, committed 10880K, reserved 1048576K
}
Event: 1425122.459 GC heap after
{Heap after GC invocations=6821 (full 14):
 PSYoungGen      total 2560K, used 96K [0x00000000d5580000, 0x00000000d5980000, 0x0000000100000000)
  eden space 2048K, 0% used [0x00000000d5580000,0x00000000d5580000,0x00000000d5780000)
  from space 512K, 18% used [0x00000000d5900000,0x00000000d5918000,0x00000000d5980000)
  to   space 512K, 0% used [0x00000000d5780000,0x00000000d5780000,0x00000000d5800000)
 ParOldGen       total 766464K, used 766414K [0x0000000080000000, 0x00000000aec80000, 0x00000000d5580000)
  object space 766464K, 99% used [0x0000000080000000,0x00000000aec73900,0x00000000aec80000)
 Metaspace       used 100754K, committed 102528K, reserved 1179648K
  class space    used 10001K, committed 10880K, reserved 1048576K
}

